For command help, type ~?
For help on args, rerun without args
Code starts at 0x100100
~resetting board #6
Setting console dev to COM2Console: colour EGA+ 80x25
COM1 at 0x03f8 (irq = 4) is a 16550A
COM2 at 0x02f8 (irq = 3) is a 16550A

                 Welcome to UMB Tutor for the PC
   UMB Tutor is a 32-bit protected-mode PC debugger/downloader,
       based on Linux, UMB Tutor for m68k, and remote gdb.
UMB Tutor is free software and you are welcome to distribute copies
of it under certain conditions.  There is no warranty for this program.
The copyright and warranty provisions follow the Gnu general public
license, available for view in gdb and elsewhere.  Full sources available.
--bugs, suggestions, questions to eoneil@cs.umb.edu

Exception 3 at EIP=000578f3: Breakpoint
Tutor> 
Download done, setting EIP to 100100.
Tutor> ~downloading prodcons.lnx
GO 100100
*producer-*start
c*onsumer-s*tart
********************************************[p1][p2][p*3][c1][p*4][p5][p6*][c2][p7*][p8][pXX*X][c3][p*XXX][p11]*[pXXX][c*4][pXXX][*p14][pXX*X][c5][pX*XX][p17]*[pXXX][c6*][pXXX][*p20][pXXX*][c7][pXX*X][p23][*pXXX][c8]*[pXXX][p*26][pXXX]*[c11][pX*XX][p29][*pXXX][c1*4][c17][c*20][c23]*[c26][SHUTTING DOWN
*c29]*

EXIT CODE OF PROCESS 1: 0
**
EXIT CODE OF PROCESS 2: 2
*
EXIT CODE OF PROCESS 3: 0
**SHUTTING THE SYSTEM DOWN!
Debug log from run:
Marking kernel events as follows:
  ^a   COM2 input interrupt, a received
  ~a   COM2 output interrupt, a output
  ~e   COM2 output interrupt, echo output
  ~S   COM2 output interrupt, shutdown TX ints
  |(1z-2) process switch from 1, now a zombie, to 2
  |(1b-2) process switch from 1, now blocked, to 2
  |(0-1) process switch from 0 to 1
-----------------DEBUGLOG-------------------------------------
*0|(0-1)|(1z-2)|(2b-3)|(3b-0)~p|(0-2)|(2b-3)|(3b-0)~r|(0-2)|(2b-3)|(3b-0)~o|(0-2)|(2b-3)|(3b-0)~d|(0-2)|(2b-3)|(3b-0)~u|(0-2)|(2b-3)|(3b-0)~c|(0-2)|(2b-3)|(3b-0)~e|(0-2)|(2b-3)|(3b-0)~r|(0-2)|(2b-3)|(3b-0)~-|(0-2)|(2b-3)|(3b-0)*0~s|(0-2)|(2b-3)|(3b-0)~t|(0-3)|(3b-0)~a|(0-3)|(3b-0)~r|(0-3)|(3b-0)~t|(0-3)|(3b-0)~|(0-3)|(3b-0)~
|(0-3)|(3b-0)~c|(0-3)|(3b-0)*0*0|(0-2)~o|(2b-3)|(3b-0)~n|(0-3)|(3b-0)~s|(0-3)|(3b-0)~u|(0-3)|(3b-0)~m|(0-3)|(3b-0)~e|(0-3)|(3b-0)~r|(0-3)|(3b-0)~-|(0-3)|(3b-0)~s|(0-3)|(3b-0)*0*0|(0-2)~t|(2b-0)~a~r~t~~
~S*0*0|(0-2)|(2b-0)*0*0*0|(0-3)|(3b-2)|(2b-0)*0*0|(0-2)|(2b-0)*0*0|(0-2)|(2b-0)*0*0*0|(0-3)|(3b-2)|(2b-0)*0*0|(0-2)|(2b-0)*0*0|(0-2)|(2b-0)*0*0*0|(0-3)|(3b-2)|(2b-0)*0*0|(0-2)|(2b-0)*0*0|(0-2)|(2b-0)*0*0*0|(0-3)|(3b-2)|(2b-0)*0*0|(0-2)|(2b-0)*0*0|(0-2)|(2b-0)*0*0*0|(0-3)|(3b-2)|(2b-0)*0*0|(0-2)|(2b-0)*0*0|(0-2)|(2b-0)*0*0*0|(0-3)|(3b-2)|(2b-0)*0*0|(0-2)|(2b-0)*0*0|(0-2)|(2b-0)*0*0*0|(0-3)|(3b-2)|(2b-0)*0*0|(0-2)|(2b-0)*0*0|(0-2)|(2b-0)*0*0*0|(0-3)|(3b-2)|(2b-0)*0*0|(0-2)|(2b-0)*0*0|(0-2)|(2b-0)*0*0*0|(0-3)|(3b-2)|(2b-0)*0*0|(0-2)|(2b-0)*0*0|(0-2)|(2z-0)*0*0|(0-3)|(3b-0)*0*0*0*0|(0-3)|(3b-0)*0*0*0*0|(0-3)|(3b-0)*0*0*0*0|(0-3)|(3b-0)*0*0*0*0|(0-3)|(3b-0)*0*0*0*0|(0-3)~[|(3b-0)~p|(0-3)|(3b-0)~1|(0-3)|(3b-0)~]|(0-3)|(3b-0)~[|(0-3)|(3b-0)~p|(0-3)|(3b-0)~2|(0-3)|(3b-0)~]|(0-3)|(3b-0)~[|(0-3)|(3b-0)~p|(0-3)|(3b-0)*0~3|(0-3)|(3b-0)~]|(0-3)|(3b-0)~[|(0-3)|(3b-0)~c|(0-3)|(3b-0)~1|(0-3)|(3b-0)~]|(0-3)|(3b-0)~[|(0-3)|(3b-0)~p|(0-3)|(3b-0)*0~4|(0-3)|(3b-0)~]|(0-3)|(3b-0)~[|(0-3)|(3b-0)~p|(0-3)|(3b-0)~5|(0-3)|(3b-0)~]|(0-3)|(3b-0)~[|(0-3)|(3b-0)~p|(0-3)|(3b-0)~6|(0-3)|(3b-0)*0~]|(0-3)|(3b-0)~[|(0-3)|(3b-0)~c|(0-3)|(3b-0)~2|(0-3)|(3b-0)~]|(0-3)|(3b-0)~[|(0-3)|(3b-0)~p|(0-3)|(3b-0)~7|(0-3)|(3b-0)*0~]|(0-3)|(3b-0)~[|(0-3)|(3b-0)~p|(0-3)|(3b-0)~8|(0-3)|(3b-0)~]|(0-3)|(3b-0)~[|(0-3)|(3b-0)~p|(0-3)|(3b-0)~X|(0-3)|(3b-0)~X|(0-3)|(3b-0)*0~X|(0-3)|(3b-0)~]|(0-3)|(3b-0)~[|(0-3)|(3b-0)~c|(0-3)|(3b-0)~3|(0-3)|(3b-0)~]|(0-3)|(3b-0)~[|(0-3)|(3b-0)~p|(0-3)|(3b-0)*0~X|(0-3)|(3b-0)~X|(0-3)|(3b-0)~X|(0-3)|(3b-0)~]|(0-3)|(3b-0)~[|(0-3)|(3b-0)~p|(0-3)|(3b-0)~1|(0-3)|(3b-0)~1|(0-3)|(3b-0)~]|(0-3)|(3b-0)*0~[|(0-3)|(3b-0)~p|(0-3)|(3b-0)~X|(0-3)|(3b-0)~X|(0-3)|(3b-0)~X|(0-3)|(3b-0)~]|(0-3)|(3b-0)~[|(0-3)|(3b-0)~c|(0-3)|(3b-0)*0~4|(0-3)|(3b-0)~]|(0-3)|(3b-0)~[|(0-3)|(3b-0)~p|(0-3)|(3b-0)~X|(0-3)|(3b-0)~X|(0-3)|(3b-0)~X|(0-3)|(3b-0)~]|(0-3)|(3b-0)~[|(0-3)|(3b-0)*0~p|(0-3)|(3b-0)~1|(0-3)|(3b-0)~4|(0-3)|(3b-0)~]|(0-3)|(3b-0)~[|(0-3)|(3b-0)~p|(0-3)|(3b-0)~X|(0-3)|(3b-0)~X|(0-3)|(3b-0)*0~X|(0-3)|(3b-0)~]|(0-3)|(3b-0)~[|(0-3)|(3b-0)~c|(0-3)|(3b-0)~5|(0-3)|(3b-0)~]|(0-3)|(3b-0)~[|(0-3)|(3b-0)~p|(0-3)|(3b-0)~X|(0-3)|(3b-0)*0~X|(0-3)|(3b-0)~X|(0-3)|(3b-0)~]|(0-3)|(3b-0)~[|(0-3)|(3b-0)~p|(0-3)|(3b-0)~1|(0-3)|(3b-0)~7|(0-3)|(3b-0)~]|(0-3)|(3b-0)*0~[|(0-3)|(3b-0)~p|(0-3)|(3b-0)~X|(0-3)|(3b-0)~X|(0-3)|(3b-0)~X|(0-3)|(3b-0)~]|(0-3)|(3b-0)~[|(0-3)|(3b-0)~c|(0-3)|(3b-0)~6|(0-3)|(3b-0)*0~]|(0-3)|(3b-0)~[|(0-3)|(3b-0)~p|(0-3)|(3b-0)~X|(0-3)|(3b-0)~X|(0-3)|(3b-0)~X|(0-3)|(3b-0)~]|(0-3)|(3b-0)~[|(0-3)|(3b-0)*0~p|(0-3)|(3b-0)~2|(0-3)|(3b-0)~0|(0-3)|(3b-0)~]|(0-3)|(3b-0)~[|(0-3)|(3b-0)~p|(0-3)|(3b-0)~X|(0-3)|(3b-0)~X|(0-3)|(3b-0)~X|(0-3)|(3b-0)*0~]|(0-3)|(3b-0)~[|(0-3)|(3b-0)~c|(0-3)|(3b-0)~7|(0-3)|(3b-0)~]|(0-3)|(3b-0)~[|(0-3)|(3b-0)~p|(0-3)|(3b-0)~X|(0-3)|(3b-0)~X|(0-3)|(3b-0)*0~X|(0-3)|(3b-0)~]|(0-3)|(3b-0)~[|(0-3)|(3b-0)~p|(0-3)|(3b-0)~2|(0-3)|(3b-0)~3|(0-3)|(3b-0)~]|(0-3)|(3b-0)~[|(0-3)|(3b-0)*0~p|(0-3)|(3b-0)~X|(0-3)|(3b-0)~X|(0-3)|(3b-0)~X|(0-3)|(3b-0)~]|(0-3)|(3b-0)~[|(0-3)|(3b-0)~c|(0-3)|(3b-0)~8|(0-3)|(3b-0)~]|(0-3)|(3b-0)*0~[|(0-3)|(3b-0)~p|(0-3)|(3b-0)~X|(0-3)|(3b-0)~X|(0-3)|(3b-0)~X|(0-3)|(3b-0)~]|(0-3)|(3b-0)~[|(0-3)|(3b-0)~p|(0-3)|(3b-0)*0~2|(0-3)|(3b-0)~6|(0-3)|(3b-0)~]|(0-3)|(3b-0)~[|(0-3)|(3b-0)~p|(0-3)|(3b-0)~X|(0-3)|(3b-0)~X|(0-3)|(3b-0)~X|(0-3)|(3b-0)~]|(0-3)|(3b-0)*0~[|(0-3)|(3b-0)~c|(0-3)|(3b-0)~1|(0-3)|(3b-0)~1|(0-3)|(3b-0)~]|(0-3)|(3b-0)~[|(0-3)|(3b-0)~p|(0-3)|(3b-0)~X|(0-3)|(3b-0)*0~X|(0-3)|(3b-0)~X|(0-3)|(3b-0)~]|(0-3)|(3b-0)~[|(0-3)|(3b-0)~p|(0-3)|(3b-0)~2|(0-3)|(3b-0)~9|(0-3)|(3b-0)~]|(0-3)|(3b-0)~[|(0-3)|(3b-0)*0~p|(0-3)|(3b-0)~X|(0-3)|(3b-0)~X|(0-3)|(3b-0)~X|(0-3)|(3b-0)~]|(0-3)|(3b-0)~[|(0-3)|(3b-0)~c|(0-3)|(3b-0)~1|(0-3)|(3b-0)*0~4|(0-3)|(3b-0)~]|(0-3)|(3b-0)~[|(0-3)|(3b-0)~c|(0-3)|(3b-0)~1|(0-3)|(3b-0)~7|(0-3)|(3b-0)~]|(0-3)|(3b-0)~[|(0-3)|(3b-0)~c|(0-3)|(3b-0)*0~2|(0-3)|(3b-0)~0|(0-3)|(3b-0)~]|(0-3)|(3b-0)~[|(0-3)|(3b-0)~c|(0-3)|(3b-0)~2|(0-3)|(3b-0)~3|(0-3)|(3b-0)~]|(0-3)|(3b-0)*0~[|(0-3)|(3b-0)~c|(0-3)|(3b-0)~2|(0-3)|(3b-0)~6|(0-3)|(3b-0)~]|(0-3)|(3b-0)~[|(0-3)|(3z-0)*0~c~2~9~]*0~~
~S*0*0*0*0*0
--------------------------------------------------------------

LEAVE KERNEL!

Exception 3 at EIP=0010010b: Breakpoint
Tutor> ~q 
Quit handler: 
killing process 5734 Leaving board #6
